<?xml version="1.0" encoding="UTF-8"?>
<!-- Generated by org.testng.reporters.JUnitReportReporter -->
<testsuite hostname="DESKTOP-P9ICOFD" name="com.google.gmodule.googlesearch.gsr.GS_GM_TC001_GMGS001_Perform_Google_Search_And_Verify_Result" tests="2" failures="2" timestamp="30 Sep 2018 17:25:48 GMT" time="0.110" errors="0">
  <testcase name="searchTextAndVerifyResultTest" time="0.110" classname="com.google.gmodule.googlesearch.gsr.GS_GM_TC001_GMGS001_Perform_Google_Search_And_Verify_Result">
    <failure type="org.testng.TestNGException" message="
Parameter &#039;remote&#039; is required by @Configuration on method testSetUp but has not been marked @Optional or defined
in C:\Users\Sunil kumar\AppData\Local\Temp\testng-eclipse--911131957\testng-customsuite.xml">
      <![CDATA[org.testng.TestNGException: 
Parameter 'remote' is required by @Configuration on method testSetUp but has not been marked @Optional or defined
in C:\Users\Sunil kumar\AppData\Local\Temp\testng-eclipse--911131957\testng-customsuite.xml
	at org.testng.internal.Parameters.createParameters(Parameters.java:155)
	at org.testng.internal.Parameters.createParameters(Parameters.java:358)
	at org.testng.internal.Parameters.createConfigurationParameters(Parameters.java:86)
	at org.testng.internal.Invoker.invokeConfigurations(Invoker.java:199)
	at org.testng.internal.Invoker.invokeMethod(Invoker.java:653)
	at org.testng.internal.Invoker.invokeTestMethod(Invoker.java:901)
	at org.testng.internal.Invoker.invokeTestMethods(Invoker.java:1231)
	at org.testng.internal.TestMethodWorker.invokeTestMethods(TestMethodWorker.java:127)
	at org.testng.internal.TestMethodWorker.run(TestMethodWorker.java:111)
	at org.testng.TestRunner.privateRun(TestRunner.java:767)
	at org.testng.TestRunner.run(TestRunner.java:617)
	at org.testng.SuiteRunner.runTest(SuiteRunner.java:348)
	at org.testng.SuiteRunner.runSequentially(SuiteRunner.java:343)
	at org.testng.SuiteRunner.privateRun(SuiteRunner.java:305)
	at org.testng.SuiteRunner.run(SuiteRunner.java:254)
	at org.testng.SuiteRunnerWorker.runSuite(SuiteRunnerWorker.java:52)
	at org.testng.SuiteRunnerWorker.run(SuiteRunnerWorker.java:86)
	at org.testng.TestNG.runSuitesSequentially(TestNG.java:1224)
	at org.testng.TestNG.runSuitesLocally(TestNG.java:1149)
	at org.testng.TestNG.run(TestNG.java:1057)
	at org.testng.remote.AbstractRemoteTestNG.run(AbstractRemoteTestNG.java:114)
	at org.testng.remote.RemoteTestNG.initAndRun(RemoteTestNG.java:251)
	at org.testng.remote.RemoteTestNG.main(RemoteTestNG.java:77)
]]>
    </failure>
  </testcase> <!-- searchTextAndVerifyResultTest -->
  <testcase name="searchTextAndVerifyResultTest" time="0.000" classname="com.google.gmodule.googlesearch.gsr.GS_GM_TC001_GMGS001_Perform_Google_Search_And_Verify_Result">
    <failure type="org.testng.TestNGException" message="
Parameter &#039;remote&#039; is required by @Configuration on method testSetUp but has not been marked @Optional or defined
in C:\Users\Sunil kumar\AppData\Local\Temp\testng-eclipse--911131957\testng-customsuite.xml">
      <![CDATA[org.testng.TestNGException: 
Parameter 'remote' is required by @Configuration on method testSetUp but has not been marked @Optional or defined
in C:\Users\Sunil kumar\AppData\Local\Temp\testng-eclipse--911131957\testng-customsuite.xml
	at org.testng.internal.Parameters.createParameters(Parameters.java:155)
	at org.testng.internal.Parameters.createParameters(Parameters.java:358)
	at org.testng.internal.Parameters.createConfigurationParameters(Parameters.java:86)
	at org.testng.internal.Invoker.invokeConfigurations(Invoker.java:199)
	at org.testng.internal.Invoker.invokeMethod(Invoker.java:653)
	at org.testng.internal.Invoker.invokeTestMethod(Invoker.java:901)
	at org.testng.internal.Invoker.invokeTestMethods(Invoker.java:1231)
	at org.testng.internal.TestMethodWorker.invokeTestMethods(TestMethodWorker.java:127)
	at org.testng.internal.TestMethodWorker.run(TestMethodWorker.java:111)
	at org.testng.TestRunner.privateRun(TestRunner.java:767)
	at org.testng.TestRunner.run(TestRunner.java:617)
	at org.testng.SuiteRunner.runTest(SuiteRunner.java:348)
	at org.testng.SuiteRunner.runSequentially(SuiteRunner.java:343)
	at org.testng.SuiteRunner.privateRun(SuiteRunner.java:305)
	at org.testng.SuiteRunner.run(SuiteRunner.java:254)
	at org.testng.SuiteRunnerWorker.runSuite(SuiteRunnerWorker.java:52)
	at org.testng.SuiteRunnerWorker.run(SuiteRunnerWorker.java:86)
	at org.testng.TestNG.runSuitesSequentially(TestNG.java:1224)
	at org.testng.TestNG.runSuitesLocally(TestNG.java:1149)
	at org.testng.TestNG.run(TestNG.java:1057)
	at org.testng.remote.AbstractRemoteTestNG.run(AbstractRemoteTestNG.java:114)
	at org.testng.remote.RemoteTestNG.initAndRun(RemoteTestNG.java:251)
	at org.testng.remote.RemoteTestNG.main(RemoteTestNG.java:77)
]]>
    </failure>
  </testcase> <!-- searchTextAndVerifyResultTest -->
</testsuite> <!-- com.google.gmodule.googlesearch.gsr.GS_GM_TC001_GMGS001_Perform_Google_Search_And_Verify_Result -->
